{
  "C:\\Users\\igor\\Desktop\\OTUS\\FullStackDeveloper\\WorkDir\\JavaScript-Basic\\otus-js-basic-routing\\src\\modules\\router\\router.ts": {
    "path": "C:\\Users\\igor\\Desktop\\OTUS\\FullStackDeveloper\\WorkDir\\JavaScript-Basic\\otus-js-basic-routing\\src\\modules\\router\\router.ts",
    "all": false,
    "statementMap": {
      "0": {
        "start": { "line": 1, "column": 0 },
        "end": { "line": 1, "column": 50 }
      },
      "1": {
        "start": { "line": 2, "column": 0 },
        "end": { "line": 2, "column": 35 }
      },
      "2": {
        "start": { "line": 3, "column": 0 },
        "end": { "line": 3, "column": 0 }
      },
      "3": {
        "start": { "line": 4, "column": 0 },
        "end": { "line": 4, "column": 50 }
      },
      "4": {
        "start": { "line": 5, "column": 0 },
        "end": { "line": 5, "column": 38 }
      },
      "5": {
        "start": { "line": 6, "column": 0 },
        "end": { "line": 6, "column": 46 }
      },
      "6": {
        "start": { "line": 7, "column": 0 },
        "end": { "line": 7, "column": 41 }
      },
      "7": {
        "start": { "line": 8, "column": 0 },
        "end": { "line": 8, "column": 0 }
      },
      "8": {
        "start": { "line": 9, "column": 0 },
        "end": { "line": 9, "column": 49 }
      },
      "9": {
        "start": { "line": 10, "column": 0 },
        "end": { "line": 10, "column": 52 }
      },
      "10": {
        "start": { "line": 11, "column": 0 },
        "end": { "line": 11, "column": 51 }
      },
      "11": {
        "start": { "line": 12, "column": 0 },
        "end": { "line": 12, "column": 50 }
      },
      "12": {
        "start": { "line": 13, "column": 0 },
        "end": { "line": 13, "column": 0 }
      },
      "13": {
        "start": { "line": 14, "column": 0 },
        "end": { "line": 14, "column": 33 }
      },
      "14": {
        "start": { "line": 15, "column": 0 },
        "end": { "line": 15, "column": 10 }
      },
      "15": {
        "start": { "line": 16, "column": 0 },
        "end": { "line": 16, "column": 12 }
      },
      "16": {
        "start": { "line": 17, "column": 0 },
        "end": { "line": 17, "column": 18 }
      },
      "17": {
        "start": { "line": 18, "column": 0 },
        "end": { "line": 18, "column": 12 }
      },
      "18": {
        "start": { "line": 19, "column": 0 },
        "end": { "line": 19, "column": 11 }
      },
      "19": {
        "start": { "line": 20, "column": 0 },
        "end": { "line": 20, "column": 19 }
      },
      "20": {
        "start": { "line": 21, "column": 0 },
        "end": { "line": 21, "column": 37 }
      },
      "21": {
        "start": { "line": 22, "column": 0 },
        "end": { "line": 22, "column": 78 }
      },
      "22": {
        "start": { "line": 23, "column": 0 },
        "end": { "line": 23, "column": 12 }
      },
      "23": {
        "start": { "line": 24, "column": 0 },
        "end": { "line": 24, "column": 67 }
      },
      "24": {
        "start": { "line": 25, "column": 0 },
        "end": { "line": 25, "column": 5 }
      },
      "25": {
        "start": { "line": 26, "column": 0 },
        "end": { "line": 26, "column": 32 }
      },
      "26": {
        "start": { "line": 27, "column": 0 },
        "end": { "line": 27, "column": 35 }
      },
      "27": {
        "start": { "line": 28, "column": 0 },
        "end": { "line": 28, "column": 38 }
      },
      "28": {
        "start": { "line": 29, "column": 0 },
        "end": { "line": 29, "column": 26 }
      },
      "29": {
        "start": { "line": 30, "column": 0 },
        "end": { "line": 30, "column": 36 }
      },
      "30": {
        "start": { "line": 31, "column": 0 },
        "end": { "line": 31, "column": 7 }
      },
      "31": {
        "start": { "line": 32, "column": 0 },
        "end": { "line": 32, "column": 27 }
      },
      "32": {
        "start": { "line": 33, "column": 0 },
        "end": { "line": 33, "column": 28 }
      },
      "33": {
        "start": { "line": 34, "column": 0 },
        "end": { "line": 34, "column": 5 }
      },
      "34": {
        "start": { "line": 35, "column": 0 },
        "end": { "line": 35, "column": 71 }
      },
      "35": {
        "start": { "line": 36, "column": 0 },
        "end": { "line": 36, "column": 4 }
      },
      "36": {
        "start": { "line": 37, "column": 0 },
        "end": { "line": 37, "column": 0 }
      },
      "37": {
        "start": { "line": 38, "column": 0 },
        "end": { "line": 38, "column": 69 }
      },
      "38": {
        "start": { "line": 39, "column": 0 },
        "end": { "line": 39, "column": 0 }
      },
      "39": {
        "start": { "line": 40, "column": 0 },
        "end": { "line": 40, "column": 28 }
      },
      "40": {
        "start": { "line": 41, "column": 0 },
        "end": { "line": 41, "column": 33 }
      },
      "41": {
        "start": { "line": 42, "column": 0 },
        "end": { "line": 42, "column": 58 }
      },
      "42": {
        "start": { "line": 43, "column": 0 },
        "end": { "line": 43, "column": 37 }
      },
      "43": {
        "start": { "line": 44, "column": 0 },
        "end": { "line": 44, "column": 55 }
      },
      "44": {
        "start": { "line": 45, "column": 0 },
        "end": { "line": 45, "column": 0 }
      },
      "45": {
        "start": { "line": 46, "column": 0 },
        "end": { "line": 46, "column": 31 }
      },
      "46": {
        "start": { "line": 47, "column": 0 },
        "end": { "line": 47, "column": 27 }
      },
      "47": {
        "start": { "line": 48, "column": 0 },
        "end": { "line": 48, "column": 29 }
      },
      "48": {
        "start": { "line": 49, "column": 0 },
        "end": { "line": 49, "column": 5 }
      },
      "49": {
        "start": { "line": 50, "column": 0 },
        "end": { "line": 50, "column": 14 }
      },
      "50": {
        "start": { "line": 51, "column": 0 },
        "end": { "line": 51, "column": 4 }
      },
      "51": {
        "start": { "line": 52, "column": 0 },
        "end": { "line": 52, "column": 0 }
      },
      "52": {
        "start": { "line": 53, "column": 0 },
        "end": { "line": 53, "column": 14 }
      },
      "53": {
        "start": { "line": 54, "column": 0 },
        "end": { "line": 54, "column": 17 }
      },
      "54": {
        "start": { "line": 55, "column": 0 },
        "end": { "line": 55, "column": 22 }
      },
      "55": {
        "start": { "line": 56, "column": 0 },
        "end": { "line": 56, "column": 29 }
      },
      "56": {
        "start": { "line": 57, "column": 0 },
        "end": { "line": 57, "column": 23 }
      },
      "57": {
        "start": { "line": 58, "column": 0 },
        "end": { "line": 58, "column": 16 }
      },
      "58": {
        "start": { "line": 59, "column": 0 },
        "end": { "line": 59, "column": 8 }
      },
      "59": {
        "start": { "line": 60, "column": 0 },
        "end": { "line": 60, "column": 28 }
      },
      "60": {
        "start": { "line": 61, "column": 0 },
        "end": { "line": 61, "column": 0 }
      },
      "61": {
        "start": { "line": 62, "column": 0 },
        "end": { "line": 62, "column": 32 }
      },
      "62": {
        "start": { "line": 63, "column": 0 },
        "end": { "line": 63, "column": 9 }
      },
      "63": {
        "start": { "line": 64, "column": 0 },
        "end": { "line": 64, "column": 12 }
      },
      "64": {
        "start": { "line": 65, "column": 0 },
        "end": { "line": 65, "column": 14 }
      },
      "65": {
        "start": { "line": 66, "column": 0 },
        "end": { "line": 66, "column": 20 }
      },
      "66": {
        "start": { "line": 67, "column": 0 },
        "end": { "line": 67, "column": 14 }
      },
      "67": {
        "start": { "line": 68, "column": 0 },
        "end": { "line": 68, "column": 13 }
      },
      "68": {
        "start": { "line": 69, "column": 0 },
        "end": { "line": 69, "column": 6 }
      },
      "69": {
        "start": { "line": 70, "column": 0 },
        "end": { "line": 70, "column": 29 }
      },
      "70": {
        "start": { "line": 71, "column": 0 },
        "end": { "line": 71, "column": 29 }
      },
      "71": {
        "start": { "line": 72, "column": 0 },
        "end": { "line": 72, "column": 0 }
      },
      "72": {
        "start": { "line": 73, "column": 0 },
        "end": { "line": 73, "column": 16 }
      },
      "73": {
        "start": { "line": 74, "column": 0 },
        "end": { "line": 74, "column": 65 }
      },
      "74": {
        "start": { "line": 75, "column": 0 },
        "end": { "line": 75, "column": 3 }
      },
      "75": {
        "start": { "line": 76, "column": 0 },
        "end": { "line": 76, "column": 2 }
      },
      "76": {
        "start": { "line": 77, "column": 0 },
        "end": { "line": 77, "column": 4 }
      },
      "77": {
        "start": { "line": 78, "column": 0 },
        "end": { "line": 78, "column": 0 }
      },
      "78": {
        "start": { "line": 79, "column": 0 },
        "end": { "line": 79, "column": 61 }
      },
      "79": {
        "start": { "line": 80, "column": 0 },
        "end": { "line": 80, "column": 31 }
      },
      "80": {
        "start": { "line": 81, "column": 0 },
        "end": { "line": 81, "column": 0 }
      },
      "81": {
        "start": { "line": 82, "column": 0 },
        "end": { "line": 82, "column": 37 }
      },
      "82": {
        "start": { "line": 83, "column": 0 },
        "end": { "line": 83, "column": 48 }
      },
      "83": {
        "start": { "line": 84, "column": 0 },
        "end": { "line": 84, "column": 19 }
      },
      "84": {
        "start": { "line": 85, "column": 0 },
        "end": { "line": 85, "column": 41 }
      },
      "85": {
        "start": { "line": 86, "column": 0 },
        "end": { "line": 86, "column": 35 }
      },
      "86": {
        "start": { "line": 87, "column": 0 },
        "end": { "line": 87, "column": 27 }
      },
      "87": {
        "start": { "line": 88, "column": 0 },
        "end": { "line": 88, "column": 12 }
      },
      "88": {
        "start": { "line": 89, "column": 0 },
        "end": { "line": 89, "column": 26 }
      },
      "89": {
        "start": { "line": 90, "column": 0 },
        "end": { "line": 90, "column": 5 }
      },
      "90": {
        "start": { "line": 91, "column": 0 },
        "end": { "line": 91, "column": 4 }
      },
      "91": {
        "start": { "line": 92, "column": 0 },
        "end": { "line": 92, "column": 0 }
      },
      "92": {
        "start": { "line": 93, "column": 0 },
        "end": { "line": 93, "column": 51 }
      },
      "93": {
        "start": { "line": 94, "column": 0 },
        "end": { "line": 94, "column": 31 }
      },
      "94": {
        "start": { "line": 95, "column": 0 },
        "end": { "line": 95, "column": 36 }
      },
      "95": {
        "start": { "line": 96, "column": 0 },
        "end": { "line": 96, "column": 25 }
      },
      "96": {
        "start": { "line": 97, "column": 0 },
        "end": { "line": 97, "column": 5 }
      },
      "97": {
        "start": { "line": 98, "column": 0 },
        "end": { "line": 98, "column": 0 }
      },
      "98": {
        "start": { "line": 99, "column": 0 },
        "end": { "line": 99, "column": 47 }
      },
      "99": {
        "start": { "line": 100, "column": 0 },
        "end": { "line": 100, "column": 48 }
      },
      "100": {
        "start": { "line": 101, "column": 0 },
        "end": { "line": 101, "column": 41 }
      },
      "101": {
        "start": { "line": 102, "column": 0 },
        "end": { "line": 102, "column": 25 }
      },
      "102": {
        "start": { "line": 103, "column": 0 },
        "end": { "line": 103, "column": 5 }
      },
      "103": {
        "start": { "line": 104, "column": 0 },
        "end": { "line": 104, "column": 0 }
      },
      "104": {
        "start": { "line": 105, "column": 0 },
        "end": { "line": 105, "column": 47 }
      },
      "105": {
        "start": { "line": 106, "column": 0 },
        "end": { "line": 106, "column": 61 }
      },
      "106": {
        "start": { "line": 107, "column": 0 },
        "end": { "line": 107, "column": 44 }
      },
      "107": {
        "start": { "line": 108, "column": 0 },
        "end": { "line": 108, "column": 34 }
      },
      "108": {
        "start": { "line": 109, "column": 0 },
        "end": { "line": 109, "column": 15 }
      },
      "109": {
        "start": { "line": 110, "column": 0 },
        "end": { "line": 110, "column": 7 }
      },
      "110": {
        "start": { "line": 111, "column": 0 },
        "end": { "line": 111, "column": 0 }
      },
      "111": {
        "start": { "line": 112, "column": 0 },
        "end": { "line": 112, "column": 29 }
      },
      "112": {
        "start": { "line": 113, "column": 0 },
        "end": { "line": 113, "column": 0 }
      },
      "113": {
        "start": { "line": 114, "column": 0 },
        "end": { "line": 114, "column": 22 }
      },
      "114": {
        "start": { "line": 115, "column": 0 },
        "end": { "line": 115, "column": 0 }
      },
      "115": {
        "start": { "line": 116, "column": 0 },
        "end": { "line": 116, "column": 41 }
      },
      "116": {
        "start": { "line": 117, "column": 0 },
        "end": { "line": 117, "column": 0 }
      },
      "117": {
        "start": { "line": 118, "column": 0 },
        "end": { "line": 118, "column": 14 }
      },
      "118": {
        "start": { "line": 119, "column": 0 },
        "end": { "line": 119, "column": 7 }
      },
      "119": {
        "start": { "line": 120, "column": 0 },
        "end": { "line": 120, "column": 5 }
      },
      "120": {
        "start": { "line": 121, "column": 0 },
        "end": { "line": 121, "column": 0 }
      },
      "121": {
        "start": { "line": 122, "column": 0 },
        "end": { "line": 122, "column": 20 }
      },
      "122": {
        "start": { "line": 123, "column": 0 },
        "end": { "line": 123, "column": 1 }
      }
    },
    "s": {
      "0": 1,
      "1": 1,
      "2": 1,
      "3": 1,
      "4": 3,
      "5": 3,
      "6": 3,
      "7": 3,
      "8": 3,
      "9": 4,
      "10": 4,
      "11": 3,
      "12": 3,
      "13": 3,
      "14": 4,
      "15": 4,
      "16": 4,
      "17": 4,
      "18": 4,
      "19": 4,
      "20": 4,
      "21": 0,
      "22": 4,
      "23": 4,
      "24": 4,
      "25": 4,
      "26": 4,
      "27": 4,
      "28": 3,
      "29": 0,
      "30": 0,
      "31": 3,
      "32": 3,
      "33": 3,
      "34": 4,
      "35": 3,
      "36": 3,
      "37": 3,
      "38": 3,
      "39": 3,
      "40": 2,
      "41": 2,
      "42": 2,
      "43": 2,
      "44": 2,
      "45": 2,
      "46": 2,
      "47": 0,
      "48": 0,
      "49": 2,
      "50": 3,
      "51": 3,
      "52": 3,
      "53": 2,
      "54": 2,
      "55": 2,
      "56": 2,
      "57": 2,
      "58": 2,
      "59": 2,
      "60": 2,
      "61": 2,
      "62": 2,
      "63": 2,
      "64": 2,
      "65": 2,
      "66": 2,
      "67": 2,
      "68": 2,
      "69": 2,
      "70": 2,
      "71": 2,
      "72": 2,
      "73": 0,
      "74": 0,
      "75": 2,
      "76": 3,
      "77": 3,
      "78": 3,
      "79": 5,
      "80": 5,
      "81": 5,
      "82": 4,
      "83": 4,
      "84": 4,
      "85": 4,
      "86": 4,
      "87": 5,
      "88": 1,
      "89": 1,
      "90": 3,
      "91": 3,
      "92": 3,
      "93": 0,
      "94": 0,
      "95": 0,
      "96": 3,
      "97": 3,
      "98": 3,
      "99": 0,
      "100": 0,
      "101": 0,
      "102": 3,
      "103": 3,
      "104": 3,
      "105": 5,
      "106": 5,
      "107": 5,
      "108": 0,
      "109": 0,
      "110": 5,
      "111": 5,
      "112": 5,
      "113": 5,
      "114": 5,
      "115": 5,
      "116": 5,
      "117": 5,
      "118": 5,
      "119": 3,
      "120": 3,
      "121": 3,
      "122": 3
    },
    "branchMap": {
      "0": {
        "type": "branch",
        "line": 4,
        "loc": {
          "start": { "line": 4, "column": 7 },
          "end": { "line": 123, "column": 1 }
        },
        "locations": [
          {
            "start": { "line": 4, "column": 7 },
            "end": { "line": 123, "column": 1 }
          }
        ]
      },
      "1": {
        "type": "branch",
        "line": 9,
        "loc": {
          "start": { "line": 9, "column": 18 },
          "end": { "line": 12, "column": 49 }
        },
        "locations": [
          {
            "start": { "line": 9, "column": 18 },
            "end": { "line": 12, "column": 49 }
          }
        ]
      },
      "2": {
        "type": "branch",
        "line": 10,
        "loc": {
          "start": { "line": 10, "column": 28 },
          "end": { "line": 10, "column": 48 }
        },
        "locations": [
          {
            "start": { "line": 10, "column": 28 },
            "end": { "line": 10, "column": 48 }
          }
        ]
      },
      "3": {
        "type": "branch",
        "line": 11,
        "loc": {
          "start": { "line": 11, "column": 32 },
          "end": { "line": 11, "column": 48 }
        },
        "locations": [
          {
            "start": { "line": 11, "column": 32 },
            "end": { "line": 11, "column": 48 }
          }
        ]
      },
      "4": {
        "type": "branch",
        "line": 14,
        "loc": {
          "start": { "line": 14, "column": 25 },
          "end": { "line": 36, "column": 3 }
        },
        "locations": [
          {
            "start": { "line": 14, "column": 25 },
            "end": { "line": 36, "column": 3 }
          }
        ]
      },
      "5": {
        "type": "branch",
        "line": 21,
        "loc": {
          "start": { "line": 21, "column": 36 },
          "end": { "line": 23, "column": 5 }
        },
        "locations": [
          {
            "start": { "line": 21, "column": 36 },
            "end": { "line": 23, "column": 5 }
          }
        ]
      },
      "6": {
        "type": "branch",
        "line": 28,
        "loc": {
          "start": { "line": 28, "column": 37 },
          "end": { "line": 34, "column": 5 }
        },
        "locations": [
          {
            "start": { "line": 28, "column": 37 },
            "end": { "line": 34, "column": 5 }
          }
        ]
      },
      "7": {
        "type": "branch",
        "line": 29,
        "loc": {
          "start": { "line": 29, "column": 25 },
          "end": { "line": 31, "column": 7 }
        },
        "locations": [
          {
            "start": { "line": 29, "column": 25 },
            "end": { "line": 31, "column": 7 }
          }
        ]
      },
      "8": {
        "type": "branch",
        "line": 35,
        "loc": {
          "start": { "line": 35, "column": 11 },
          "end": { "line": 35, "column": 43 }
        },
        "locations": [
          {
            "start": { "line": 35, "column": 11 },
            "end": { "line": 35, "column": 43 }
          }
        ]
      },
      "9": {
        "type": "branch",
        "line": 35,
        "loc": {
          "start": { "line": 35, "column": 43 },
          "end": { "line": 35, "column": 70 }
        },
        "locations": [
          {
            "start": { "line": 35, "column": 43 },
            "end": { "line": 35, "column": 70 }
          }
        ]
      },
      "10": {
        "type": "branch",
        "line": 38,
        "loc": {
          "start": { "line": 38, "column": 29 },
          "end": { "line": 38, "column": 68 }
        },
        "locations": [
          {
            "start": { "line": 38, "column": 29 },
            "end": { "line": 38, "column": 68 }
          }
        ]
      },
      "11": {
        "type": "branch",
        "line": 40,
        "loc": {
          "start": { "line": 40, "column": 21 },
          "end": { "line": 51, "column": 3 }
        },
        "locations": [
          {
            "start": { "line": 40, "column": 21 },
            "end": { "line": 51, "column": 3 }
          }
        ]
      },
      "12": {
        "type": "branch",
        "line": 47,
        "loc": {
          "start": { "line": 47, "column": 26 },
          "end": { "line": 49, "column": 5 }
        },
        "locations": [
          {
            "start": { "line": 47, "column": 26 },
            "end": { "line": 49, "column": 5 }
          }
        ]
      },
      "13": {
        "type": "branch",
        "line": 41,
        "loc": {
          "start": { "line": 41, "column": 28 },
          "end": { "line": 42, "column": 57 }
        },
        "locations": [
          {
            "start": { "line": 41, "column": 28 },
            "end": { "line": 42, "column": 57 }
          }
        ]
      },
      "14": {
        "type": "branch",
        "line": 43,
        "loc": {
          "start": { "line": 43, "column": 23 },
          "end": { "line": 44, "column": 54 }
        },
        "locations": [
          {
            "start": { "line": 43, "column": 23 },
            "end": { "line": 44, "column": 54 }
          }
        ]
      },
      "15": {
        "type": "branch",
        "line": 53,
        "loc": {
          "start": { "line": 53, "column": 13 },
          "end": { "line": 77, "column": 3 }
        },
        "locations": [
          {
            "start": { "line": 53, "column": 13 },
            "end": { "line": 77, "column": 3 }
          }
        ]
      },
      "16": {
        "type": "branch",
        "line": 79,
        "loc": {
          "start": { "line": 79, "column": 13 },
          "end": { "line": 91, "column": 3 }
        },
        "locations": [
          {
            "start": { "line": 79, "column": 13 },
            "end": { "line": 91, "column": 3 }
          }
        ]
      },
      "17": {
        "type": "branch",
        "line": 82,
        "loc": {
          "start": { "line": 82, "column": 36 },
          "end": { "line": 88, "column": 5 }
        },
        "locations": [
          {
            "start": { "line": 82, "column": 36 },
            "end": { "line": 88, "column": 5 }
          }
        ]
      },
      "18": {
        "type": "branch",
        "line": 83,
        "loc": {
          "start": { "line": 83, "column": 41 },
          "end": { "line": 83, "column": 48 }
        },
        "locations": [
          {
            "start": { "line": 83, "column": 41 },
            "end": { "line": 83, "column": 48 }
          }
        ]
      },
      "19": {
        "type": "branch",
        "line": 88,
        "loc": {
          "start": { "line": 88, "column": 5 },
          "end": { "line": 90, "column": 5 }
        },
        "locations": [
          {
            "start": { "line": 88, "column": 5 },
            "end": { "line": 90, "column": 5 }
          }
        ]
      },
      "20": {
        "type": "branch",
        "line": 105,
        "loc": {
          "start": { "line": 105, "column": 34 },
          "end": { "line": 120, "column": 3 }
        },
        "locations": [
          {
            "start": { "line": 105, "column": 34 },
            "end": { "line": 120, "column": 3 }
          }
        ]
      },
      "21": {
        "type": "branch",
        "line": 106,
        "loc": {
          "start": { "line": 106, "column": 45 },
          "end": { "line": 119, "column": 5 }
        },
        "locations": [
          {
            "start": { "line": 106, "column": 45 },
            "end": { "line": 119, "column": 5 }
          }
        ]
      },
      "22": {
        "type": "branch",
        "line": 108,
        "loc": {
          "start": { "line": 108, "column": 33 },
          "end": { "line": 110, "column": 7 }
        },
        "locations": [
          {
            "start": { "line": 108, "column": 33 },
            "end": { "line": 110, "column": 7 }
          }
        ]
      }
    },
    "b": {
      "0": [3],
      "1": [4],
      "2": [0],
      "3": [0],
      "4": [4],
      "5": [0],
      "6": [3],
      "7": [0],
      "8": [0],
      "9": [0],
      "10": [4],
      "11": [2],
      "12": [0],
      "13": [2],
      "14": [2],
      "15": [2],
      "16": [5],
      "17": [4],
      "18": [0],
      "19": [1],
      "20": [5],
      "21": [5],
      "22": [0]
    },
    "fnMap": {
      "0": {
        "name": "Router",
        "decl": {
          "start": { "line": 4, "column": 7 },
          "end": { "line": 123, "column": 1 }
        },
        "loc": {
          "start": { "line": 4, "column": 7 },
          "end": { "line": 123, "column": 1 }
        },
        "line": 4
      },
      "1": {
        "name": "isMatch",
        "decl": {
          "start": { "line": 9, "column": 18 },
          "end": { "line": 12, "column": 49 }
        },
        "loc": {
          "start": { "line": 9, "column": 18 },
          "end": { "line": 12, "column": 49 }
        },
        "line": 9
      },
      "2": {
        "name": "handleListener",
        "decl": {
          "start": { "line": 14, "column": 25 },
          "end": { "line": 36, "column": 3 }
        },
        "loc": {
          "start": { "line": 14, "column": 25 },
          "end": { "line": 36, "column": 3 }
        },
        "line": 14
      },
      "3": {
        "name": "handleAllListeners",
        "decl": {
          "start": { "line": 38, "column": 29 },
          "end": { "line": 38, "column": 68 }
        },
        "loc": {
          "start": { "line": 38, "column": 29 },
          "end": { "line": 38, "column": 68 }
        },
        "line": 38
      },
      "4": {
        "name": "generateId",
        "decl": {
          "start": { "line": 40, "column": 21 },
          "end": { "line": 51, "column": 3 }
        },
        "loc": {
          "start": { "line": 40, "column": 21 },
          "end": { "line": 51, "column": 3 }
        },
        "line": 40
      },
      "5": {
        "name": "getRandomNumber",
        "decl": {
          "start": { "line": 41, "column": 28 },
          "end": { "line": 42, "column": 57 }
        },
        "loc": {
          "start": { "line": 41, "column": 28 },
          "end": { "line": 42, "column": 57 }
        },
        "line": 41
      },
      "6": {
        "name": "doesExist",
        "decl": {
          "start": { "line": 43, "column": 23 },
          "end": { "line": 44, "column": 54 }
        },
        "loc": {
          "start": { "line": 43, "column": 23 },
          "end": { "line": 44, "column": 54 }
        },
        "line": 43
      },
      "7": {
        "name": "on",
        "decl": {
          "start": { "line": 53, "column": 13 },
          "end": { "line": 77, "column": 3 }
        },
        "loc": {
          "start": { "line": 53, "column": 13 },
          "end": { "line": 77, "column": 3 }
        },
        "line": 53
      },
      "8": {
        "name": "go",
        "decl": {
          "start": { "line": 79, "column": 13 },
          "end": { "line": 91, "column": 3 }
        },
        "loc": {
          "start": { "line": 79, "column": 13 },
          "end": { "line": 91, "column": 3 }
        },
        "line": 79
      }
    },
    "f": {
      "0": 3,
      "1": 4,
      "2": 4,
      "3": 4,
      "4": 2,
      "5": 2,
      "6": 2,
      "7": 2,
      "8": 5
    }
  }
}
