TN:
SF:src\modules\router\router.ts
FN:4,Router
FN:9,isMatch
FN:14,handleListener
FN:38,handleAllListeners
FN:40,generateId
FN:41,getRandomNumber
FN:43,doesExist
FN:53,on
FN:79,go
FNF:9
FNH:9
FNDA:3,Router
FNDA:4,isMatch
FNDA:4,handleListener
FNDA:4,handleAllListeners
FNDA:2,generateId
FNDA:2,getRandomNumber
FNDA:2,doesExist
FNDA:2,on
FNDA:5,go
DA:1,1
DA:2,1
DA:3,1
DA:4,1
DA:5,3
DA:6,3
DA:7,3
DA:8,3
DA:9,3
DA:10,4
DA:11,4
DA:12,3
DA:13,3
DA:14,3
DA:15,4
DA:16,4
DA:17,4
DA:18,4
DA:19,4
DA:20,4
DA:21,4
DA:22,0
DA:23,4
DA:24,4
DA:25,4
DA:26,4
DA:27,4
DA:28,4
DA:29,3
DA:30,0
DA:31,0
DA:32,3
DA:33,3
DA:34,3
DA:35,4
DA:36,3
DA:37,3
DA:38,3
DA:39,3
DA:40,3
DA:41,2
DA:42,2
DA:43,2
DA:44,2
DA:45,2
DA:46,2
DA:47,2
DA:48,0
DA:49,0
DA:50,2
DA:51,3
DA:52,3
DA:53,3
DA:54,2
DA:55,2
DA:56,2
DA:57,2
DA:58,2
DA:59,2
DA:60,2
DA:61,2
DA:62,2
DA:63,2
DA:64,2
DA:65,2
DA:66,2
DA:67,2
DA:68,2
DA:69,2
DA:70,2
DA:71,2
DA:72,2
DA:73,2
DA:74,0
DA:75,0
DA:76,2
DA:77,3
DA:78,3
DA:79,3
DA:80,5
DA:81,5
DA:82,5
DA:83,4
DA:84,4
DA:85,4
DA:86,4
DA:87,4
DA:88,5
DA:89,1
DA:90,1
DA:91,3
DA:92,3
DA:93,3
DA:94,0
DA:95,0
DA:96,0
DA:97,3
DA:98,3
DA:99,3
DA:100,0
DA:101,0
DA:102,0
DA:103,3
DA:104,3
DA:105,3
DA:106,5
DA:107,5
DA:108,5
DA:109,0
DA:110,0
DA:111,5
DA:112,5
DA:113,5
DA:114,5
DA:115,5
DA:116,5
DA:117,5
DA:118,5
DA:119,5
DA:120,3
DA:121,3
DA:122,3
DA:123,3
LF:123
LH:108
BRDA:4,0,0,3
BRDA:9,1,0,4
BRDA:10,2,0,0
BRDA:11,3,0,0
BRDA:14,4,0,4
BRDA:21,5,0,0
BRDA:28,6,0,3
BRDA:29,7,0,0
BRDA:35,8,0,0
BRDA:35,9,0,0
BRDA:38,10,0,4
BRDA:40,11,0,2
BRDA:47,12,0,0
BRDA:41,13,0,2
BRDA:43,14,0,2
BRDA:53,15,0,2
BRDA:79,16,0,5
BRDA:82,17,0,4
BRDA:83,18,0,0
BRDA:88,19,0,1
BRDA:105,20,0,5
BRDA:106,21,0,5
BRDA:108,22,0,0
BRF:23
BRH:14
end_of_record
